# JRE version: OpenJDK Runtime Environment (8.0_242-b01) (build 1.8.0_242-release-1644-b01)
# Java VM: OpenJDK 64-Bit Server VM (25.242-b01 mixed mode windows-amd64 compressed oops)
Heap:
 PSYoungGen      total 467456K, used 26857K [0x00000000d5580000, 0x00000000f6980000, 0x0000000100000000)
  eden space 414720K, 0% used [0x00000000d5580000,0x00000000d5580000,0x00000000eea80000)
  from space 52736K, 50% used [0x00000000f3600000,0x00000000f503a790,0x00000000f6980000)
  to   space 65024K, 0% used [0x00000000eea80000,0x00000000eea80000,0x00000000f2a00000)
 ParOldGen       total 196608K, used 181517K [0x0000000080000000, 0x000000008c000000, 0x00000000d5580000)
  object space 196608K, 92% used [0x0000000080000000,0x000000008b1436f8,0x000000008c000000)
 Metaspace       used 105756K, capacity 110944K, committed 111280K, reserved 1144832K
  class space    used 13839K, capacity 14937K, committed 15024K, reserved 1048576K
GC Heap History (10 events):
Event: 1124.116 GC heap after
Heap after GC invocations=18 (full 3):
 PSYoungGen      total 315904K, used 21498K [0x00000000d5580000, 0x00000000eeb00000, 0x0000000100000000)
  eden space 294400K, 0% used [0x00000000d5580000,0x00000000d5580000,0x00000000e7500000)
  from space 21504K, 99% used [0x00000000e7500000,0x00000000e89feb28,0x00000000e8a00000)
  to   space 26624K, 0% used [0x00000000ed100000,0x00000000ed100000,0x00000000eeb00000)
 ParOldGen       total 109056K, used 64354K [0x0000000080000000, 0x0000000086a80000, 0x00000000d5580000)
  object space 109056K, 59% used [0x0000000080000000,0x0000000083ed8ab0,0x0000000086a80000)
 Metaspace       used 87461K, capacity 91378K, committed 91568K, reserved 1128448K
  class space    used 11382K, capacity 12204K, committed 12208K, reserved 1048576K
}
Event: 1134.774 GC heap before
{Heap before GC invocations=19 (full 3):
 PSYoungGen      total 315904K, used 315898K [0x00000000d5580000, 0x00000000eeb00000, 0x0000000100000000)
  eden space 294400K, 100% used [0x00000000d5580000,0x00000000e7500000,0x00000000e7500000)
  from space 21504K, 99% used [0x00000000e7500000,0x00000000e89feb28,0x00000000e8a00000)
  to   space 26624K, 0% used [0x00000000ed100000,0x00000000ed100000,0x00000000eeb00000)
 ParOldGen       total 109056K, used 64370K [0x0000000080000000, 0x0000000086a80000, 0x00000000d5580000)
  object space 109056K, 59% used [0x0000000080000000,0x0000000083edcab0,0x0000000086a80000)
 Metaspace       used 94212K, capacity 98300K, committed 98352K, reserved 1134592K
  class space    used 12207K, capacity 13073K, committed 13104K, reserved 1048576K
Event: 1134.913 GC heap after
Heap after GC invocations=19 (full 3):
 PSYoungGen      total 373760K, used 26605K [0x00000000d5580000, 0x00000000f0880000, 0x0000000100000000)
  eden space 347136K, 0% used [0x00000000d5580000,0x00000000d5580000,0x00000000ea880000)
  from space 26624K, 99% used [0x00000000ed100000,0x00000000eeafb438,0x00000000eeb00000)
  to   space 41472K, 0% used [0x00000000ea880000,0x00000000ea880000,0x00000000ed100000)
 ParOldGen       total 109056K, used 92501K [0x0000000080000000, 0x0000000086a80000, 0x00000000d5580000)
  object space 109056K, 84% used [0x0000000080000000,0x0000000085a55418,0x0000000086a80000)
 Metaspace       used 94212K, capacity 98300K, committed 98352K, reserved 1134592K
  class space    used 12207K, capacity 13073K, committed 13104K, reserved 1048576K
}
Event: 1134.913 GC heap before
{Heap before GC invocations=20 (full 4):
 PSYoungGen      total 373760K, used 26605K [0x00000000d5580000, 0x00000000f0880000, 0x0000000100000000)
  eden space 347136K, 0% used [0x00000000d5580000,0x00000000d5580000,0x00000000ea880000)
  from space 26624K, 99% used [0x00000000ed100000,0x00000000eeafb438,0x00000000eeb00000)
  to   space 41472K, 0% used [0x00000000ea880000,0x00000000ea880000,0x00000000ed100000)
 ParOldGen       total 109056K, used 92501K [0x0000000080000000, 0x0000000086a80000, 0x00000000d5580000)
  object space 109056K, 84% used [0x0000000080000000,0x0000000085a55418,0x0000000086a80000)
 Metaspace       used 94212K, capacity 98300K, committed 98352K, reserved 1134592K
  class space    used 12207K, capacity 13073K, committed 13104K, reserved 1048576K
Event: 1135.534 GC heap after
Heap after GC invocations=20 (full 4):
 PSYoungGen      total 373760K, used 0K [0x00000000d5580000, 0x00000000f0880000, 0x0000000100000000)
  eden space 347136K, 0% used [0x00000000d5580000,0x00000000d5580000,0x00000000ea880000)
  from space 26624K, 0% used [0x00000000ed100000,0x00000000ed100000,0x00000000eeb00000)
  to   space 41472K, 0% used [0x00000000ea880000,0x00000000ea880000,0x00000000ed100000)
 ParOldGen       total 196608K, used 94996K [0x0000000080000000, 0x000000008c000000, 0x00000000d5580000)
  object space 196608K, 48% used [0x0000000080000000,0x0000000085cc5140,0x000000008c000000)
 Metaspace       used 94070K, capacity 97886K, committed 98352K, reserved 1134592K
  class space    used 12162K, capacity 12992K, committed 13104K, reserved 1048576K
}
Event: 1143.616 GC heap before
{Heap before GC invocations=21 (full 4):
 PSYoungGen      total 373760K, used 347136K [0x00000000d5580000, 0x00000000f0880000, 0x0000000100000000)
  eden space 347136K, 100% used [0x00000000d5580000,0x00000000ea880000,0x00000000ea880000)
  from space 26624K, 0% used [0x00000000ed100000,0x00000000ed100000,0x00000000eeb00000)
  to   space 41472K, 0% used [0x00000000ea880000,0x00000000ea880000,0x00000000ed100000)
 ParOldGen       total 196608K, used 94998K [0x0000000080000000, 0x000000008c000000, 0x00000000d5580000)
  object space 196608K, 48% used [0x0000000080000000,0x0000000085cc59b0,0x000000008c000000)
 Metaspace       used 103565K, capacity 108546K, committed 108720K, reserved 1142784K
  class space    used 13576K, capacity 14666K, committed 14768K, reserved 1048576K
Event: 1143.960 GC heap after
Heap after GC invocations=21 (full 4):
 PSYoungGen      total 388608K, used 41463K [0x00000000d5580000, 0x00000000f7880000, 0x0000000100000000)
  eden space 347136K, 0% used [0x00000000d5580000,0x00000000d5580000,0x00000000ea880000)
  from space 41472K, 99% used [0x00000000ea880000,0x00000000ed0fdf18,0x00000000ed100000)
  to   space 68096K, 0% used [0x00000000f3600000,0x00000000f3600000,0x00000000f7880000)
 ParOldGen       total 196608K, used 149598K [0x0000000080000000, 0x000000008c000000, 0x00000000d5580000)
  object space 196608K, 76% used [0x0000000080000000,0x0000000089217870,0x000000008c000000)
 Metaspace       used 103565K, capacity 108546K, committed 108720K, reserved 1142784K
  class space    used 13576K, capacity 14666K, committed 14768K, reserved 1048576K
}
Event: 1365.681 GC heap before
{Heap before GC invocations=22 (full 4):
 PSYoungGen      total 388608K, used 388599K [0x00000000d5580000, 0x00000000f7880000, 0x0000000100000000)
  eden space 347136K, 100% used [0x00000000d5580000,0x00000000ea880000,0x00000000ea880000)
  from space 41472K, 99% used [0x00000000ea880000,0x00000000ed0fdf18,0x00000000ed100000)
  to   space 68096K, 0% used [0x00000000f3600000,0x00000000f3600000,0x00000000f7880000)
 ParOldGen       total 196608K, used 149598K [0x0000000080000000, 0x000000008c000000, 0x00000000d5580000)
  object space 196608K, 76% used [0x0000000080000000,0x0000000089217870,0x000000008c000000)
 Metaspace       used 105756K, capacity 110944K, committed 111280K, reserved 1144832K
  class space    used 13839K, capacity 14937K, committed 15024K, reserved 1048576K
Event: 1365.896 GC heap after
Heap after GC invocations=22 (full 4):
 PSYoungGen      total 467456K, used 26857K [0x00000000d5580000, 0x00000000f6980000, 0x0000000100000000)
  eden space 414720K, 0% used [0x00000000d5580000,0x00000000d5580000,0x00000000eea80000)
  from space 52736K, 50% used [0x00000000f3600000,0x00000000f503a790,0x00000000f6980000)
  to   space 65024K, 0% used [0x00000000eea80000,0x00000000eea80000,0x00000000f2a00000)
 ParOldGen       total 196608K, used 181517K [0x0000000080000000, 0x000000008c000000, 0x00000000d5580000)
  object space 196608K, 92% used [0x0000000080000000,0x000000008b1436f8,0x000000008c000000)
 Metaspace       used 105756K, capacity 110944K, committed 111280K, reserved 1144832K
  class space    used 13839K, capacity 14937K, committed 15024K, reserved 1048576K
}
Event: 1365.896 GC heap before
{Heap before GC invocations=23 (full 5):
 PSYoungGen      total 467456K, used 26857K [0x00000000d5580000, 0x00000000f6980000, 0x0000000100000000)
  eden space 414720K, 0% used [0x00000000d5580000,0x00000000d5580000,0x00000000eea80000)
  from space 52736K, 50% used [0x00000000f3600000,0x00000000f503a790,0x00000000f6980000)
  to   space 65024K, 0% used [0x00000000eea80000,0x00000000eea80000,0x00000000f2a00000)
 ParOldGen       total 196608K, used 181517K [0x0000000080000000, 0x000000008c000000, 0x00000000d5580000)
  object space 196608K, 92% used [0x0000000080000000,0x000000008b1436f8,0x000000008c000000)
 Metaspace       used 105756K, capacity 110944K, committed 111280K, reserved 1144832K
  class space    used 13839K, capacity 14937K, committed 15024K, reserved 1048576K

