# JRE version: OpenJDK Runtime Environment (8.0_242-b01) (build 1.8.0_242-release-1644-b01)
# Java VM: OpenJDK 64-Bit Server VM (25.242-b01 mixed mode windows-amd64 compressed oops)
Heap:
 PSYoungGen      total 310272K, used 305510K [0x00000000d5580000, 0x00000000ea180000, 0x0000000100000000)
  eden space 287744K, 100% used [0x00000000d5580000,0x00000000e6e80000,0x00000000e6e80000)
  from space 22528K, 78% used [0x00000000e8600000,0x00000000e9759b50,0x00000000e9c00000)
  to   space 24064K, 99% used [0x00000000e6e80000,0x00000000e85f89e0,0x00000000e8600000)
 ParOldGen       total 104448K, used 78523K [0x0000000080000000, 0x0000000086600000, 0x00000000d5580000)
  object space 104448K, 75% used [0x0000000080000000,0x0000000084caecb8,0x0000000086600000)
 Metaspace       used 79033K, capacity 82500K, committed 82736K, reserved 1120256K
  class space    used 10484K, capacity 11225K, committed 11312K, reserved 1048576K
GC Heap History (10 events):
Event: 35.723 GC heap after
Heap after GC invocations=13 (full 2):
 PSYoungGen      total 191488K, used 15855K [0x00000000d5580000, 0x00000000e6d00000, 0x0000000100000000)
  eden space 175616K, 0% used [0x00000000d5580000,0x00000000d5580000,0x00000000e0100000)
  from space 15872K, 99% used [0x00000000e0100000,0x00000000e107bf78,0x00000000e1080000)
  to   space 21504K, 0% used [0x00000000e5800000,0x00000000e5800000,0x00000000e6d00000)
 ParOldGen       total 69632K, used 29475K [0x0000000080000000, 0x0000000084400000, 0x00000000d5580000)
  object space 69632K, 42% used [0x0000000080000000,0x0000000081cc8f90,0x0000000084400000)
 Metaspace       used 57162K, capacity 59070K, committed 59160K, reserved 1099776K
  class space    used 7836K, capacity 8284K, committed 8368K, reserved 1048576K
}
Event: 35.723 GC heap before
{Heap before GC invocations=14 (full 3):
 PSYoungGen      total 191488K, used 15855K [0x00000000d5580000, 0x00000000e6d00000, 0x0000000100000000)
  eden space 175616K, 0% used [0x00000000d5580000,0x00000000d5580000,0x00000000e0100000)
  from space 15872K, 99% used [0x00000000e0100000,0x00000000e107bf78,0x00000000e1080000)
  to   space 21504K, 0% used [0x00000000e5800000,0x00000000e5800000,0x00000000e6d00000)
 ParOldGen       total 69632K, used 29475K [0x0000000080000000, 0x0000000084400000, 0x00000000d5580000)
  object space 69632K, 42% used [0x0000000080000000,0x0000000081cc8f90,0x0000000084400000)
 Metaspace       used 57162K, capacity 59070K, committed 59160K, reserved 1099776K
  class space    used 7836K, capacity 8284K, committed 8368K, reserved 1048576K
Event: 36.391 GC heap after
Heap after GC invocations=14 (full 3):
 PSYoungGen      total 191488K, used 0K [0x00000000d5580000, 0x00000000e6d00000, 0x0000000100000000)
  eden space 175616K, 0% used [0x00000000d5580000,0x00000000d5580000,0x00000000e0100000)
  from space 15872K, 0% used [0x00000000e0100000,0x00000000e0100000,0x00000000e1080000)
  to   space 21504K, 0% used [0x00000000e5800000,0x00000000e5800000,0x00000000e6d00000)
 ParOldGen       total 104448K, used 36600K [0x0000000080000000, 0x0000000086600000, 0x00000000d5580000)
  object space 104448K, 35% used [0x0000000080000000,0x00000000823be118,0x0000000086600000)
 Metaspace       used 57150K, capacity 59028K, committed 59160K, reserved 1099776K
  class space    used 7832K, capacity 8277K, committed 8368K, reserved 1048576K
}
Event: 41.347 GC heap before
{Heap before GC invocations=15 (full 3):
 PSYoungGen      total 191488K, used 175616K [0x00000000d5580000, 0x00000000e6d00000, 0x0000000100000000)
  eden space 175616K, 100% used [0x00000000d5580000,0x00000000e0100000,0x00000000e0100000)
  from space 15872K, 0% used [0x00000000e0100000,0x00000000e0100000,0x00000000e1080000)
  to   space 21504K, 0% used [0x00000000e5800000,0x00000000e5800000,0x00000000e6d00000)
 ParOldGen       total 104448K, used 36600K [0x0000000080000000, 0x0000000086600000, 0x00000000d5580000)
  object space 104448K, 35% used [0x0000000080000000,0x00000000823be118,0x0000000086600000)
 Metaspace       used 61270K, capacity 63860K, committed 64048K, reserved 1103872K
  class space    used 8403K, capacity 8937K, committed 9008K, reserved 1048576K
Event: 41.418 GC heap after
Heap after GC invocations=15 (full 3):
 PSYoungGen      total 244736K, used 16295K [0x00000000d5580000, 0x00000000e6800000, 0x0000000100000000)
  eden space 228352K, 0% used [0x00000000d5580000,0x00000000d5580000,0x00000000e3480000)
  from space 16384K, 99% used [0x00000000e5800000,0x00000000e67e9ec0,0x00000000e6800000)
  to   space 22528K, 0% used [0x00000000e3c00000,0x00000000e3c00000,0x00000000e5200000)
 ParOldGen       total 104448K, used 36608K [0x0000000080000000, 0x0000000086600000, 0x00000000d5580000)
  object space 104448K, 35% used [0x0000000080000000,0x00000000823c0118,0x0000000086600000)
 Metaspace       used 61270K, capacity 63860K, committed 64048K, reserved 1103872K
  class space    used 8403K, capacity 8937K, committed 9008K, reserved 1048576K
}
Event: 57.466 GC heap before
{Heap before GC invocations=16 (full 3):
 PSYoungGen      total 244736K, used 244647K [0x00000000d5580000, 0x00000000e6800000, 0x0000000100000000)
  eden space 228352K, 100% used [0x00000000d5580000,0x00000000e3480000,0x00000000e3480000)
  from space 16384K, 99% used [0x00000000e5800000,0x00000000e67e9ec0,0x00000000e6800000)
  to   space 22528K, 0% used [0x00000000e3c00000,0x00000000e3c00000,0x00000000e5200000)
 ParOldGen       total 104448K, used 36608K [0x0000000080000000, 0x0000000086600000, 0x00000000d5580000)
  object space 104448K, 35% used [0x0000000080000000,0x00000000823c0118,0x0000000086600000)
 Metaspace       used 67783K, capacity 70724K, committed 70832K, reserved 1110016K
  class space    used 9206K, capacity 9809K, committed 9904K, reserved 1048576K
Event: 57.568 GC heap after
Heap after GC invocations=16 (full 3):
 PSYoungGen      total 258560K, used 13523K [0x00000000d5580000, 0x00000000e9c00000, 0x0000000100000000)
  eden space 236032K, 0% used [0x00000000d5580000,0x00000000d5580000,0x00000000e3c00000)
  from space 22528K, 60% used [0x00000000e3c00000,0x00000000e4934c08,0x00000000e5200000)
  to   space 22528K, 0% used [0x00000000e8600000,0x00000000e8600000,0x00000000e9c00000)
 ParOldGen       total 104448K, used 50448K [0x0000000080000000, 0x0000000086600000, 0x00000000d5580000)
  object space 104448K, 48% used [0x0000000080000000,0x0000000083144140,0x0000000086600000)
 Metaspace       used 67783K, capacity 70724K, committed 70832K, reserved 1110016K
  class space    used 9206K, capacity 9809K, committed 9904K, reserved 1048576K
}
Event: 69.114 GC heap before
{Heap before GC invocations=17 (full 3):
 PSYoungGen      total 258560K, used 249555K [0x00000000d5580000, 0x00000000e9c00000, 0x0000000100000000)
  eden space 236032K, 100% used [0x00000000d5580000,0x00000000e3c00000,0x00000000e3c00000)
  from space 22528K, 60% used [0x00000000e3c00000,0x00000000e4934c08,0x00000000e5200000)
  to   space 22528K, 0% used [0x00000000e8600000,0x00000000e8600000,0x00000000e9c00000)
 ParOldGen       total 104448K, used 50448K [0x0000000080000000, 0x0000000086600000, 0x00000000d5580000)
  object space 104448K, 48% used [0x0000000080000000,0x0000000083144140,0x0000000086600000)
 Metaspace       used 75794K, capacity 78892K, committed 79152K, reserved 1118208K
  class space    used 10037K, capacity 10697K, committed 10800K, reserved 1048576K
Event: 69.183 GC heap after
Heap after GC invocations=17 (full 3):
 PSYoungGen      total 310272K, used 17766K [0x00000000d5580000, 0x00000000ea180000, 0x0000000100000000)
  eden space 287744K, 0% used [0x00000000d5580000,0x00000000d5580000,0x00000000e6e80000)
  from space 22528K, 78% used [0x00000000e8600000,0x00000000e9759b50,0x00000000e9c00000)
  to   space 24064K, 0% used [0x00000000e6e80000,0x00000000e6e80000,0x00000000e8600000)
 ParOldGen       total 104448K, used 50464K [0x0000000080000000, 0x0000000086600000, 0x00000000d5580000)
  object space 104448K, 48% used [0x0000000080000000,0x0000000083148140,0x0000000086600000)
 Metaspace       used 75794K, capacity 78892K, committed 79152K, reserved 1118208K
  class space    used 10037K, capacity 10697K, committed 10800K, reserved 1048576K
}
Event: 72.199 GC heap before
{Heap before GC invocations=18 (full 3):
 PSYoungGen      total 310272K, used 305510K [0x00000000d5580000, 0x00000000ea180000, 0x0000000100000000)
  eden space 287744K, 100% used [0x00000000d5580000,0x00000000e6e80000,0x00000000e6e80000)
  from space 22528K, 78% used [0x00000000e8600000,0x00000000e9759b50,0x00000000e9c00000)
  to   space 24064K, 0% used [0x00000000e6e80000,0x00000000e6e80000,0x00000000e8600000)
 ParOldGen       total 104448K, used 50464K [0x0000000080000000, 0x0000000086600000, 0x00000000d5580000)
  object space 104448K, 48% used [0x0000000080000000,0x0000000083148140,0x0000000086600000)
 Metaspace       used 79033K, capacity 82500K, committed 82736K, reserved 1120256K
  class space    used 10484K, capacity 11225K, committed 11312K, reserved 1048576K

