# JRE version: OpenJDK Runtime Environment (8.0_242-b01) (build 1.8.0_242-release-1644-b01)
# Java VM: OpenJDK 64-Bit Server VM (25.242-b01 mixed mode windows-amd64 compressed oops)
Heap:
 PSYoungGen      total 407040K, used 10864K [0x00000000d5580000, 0x00000000f1200000, 0x0000000100000000)
  eden space 395776K, 0% used [0x00000000d5580000,0x00000000d5580000,0x00000000ed800000)
  from space 11264K, 96% used [0x00000000ed800000,0x00000000ee29c198,0x00000000ee300000)
  to   space 29696K, 0% used [0x00000000ef500000,0x00000000ef500000,0x00000000f1200000)
 ParOldGen       total 179712K, used 81199K [0x0000000080000000, 0x000000008af80000, 0x00000000d5580000)
  object space 179712K, 45% used [0x0000000080000000,0x0000000084f4be40,0x000000008af80000)
 Metaspace       used 77228K, capacity 81146K, committed 81320K, reserved 1120256K
  class space    used 10109K, capacity 10894K, committed 10928K, reserved 1048576K
GC Heap History (10 events):
Event: 380.820 GC heap after
Heap after GC invocations=19 (full 3):
 PSYoungGen      total 384512K, used 23011K [0x00000000d5580000, 0x00000000ef900000, 0x0000000100000000)
  eden space 361472K, 0% used [0x00000000d5580000,0x00000000d5580000,0x00000000eb680000)
  from space 23040K, 99% used [0x00000000ed780000,0x00000000eedf8c00,0x00000000eee00000)
  to   space 33792K, 0% used [0x00000000eb680000,0x00000000eb680000,0x00000000ed780000)
 ParOldGen       total 101376K, used 85696K [0x0000000080000000, 0x0000000086300000, 0x00000000d5580000)
  object space 101376K, 84% used [0x0000000080000000,0x00000000853b0008,0x0000000086300000)
 Metaspace       used 76282K, capacity 80058K, committed 80296K, reserved 1118208K
  class space    used 10084K, capacity 10868K, committed 10928K, reserved 1048576K
}
Event: 380.820 GC heap before
{Heap before GC invocations=20 (full 4):
 PSYoungGen      total 384512K, used 23011K [0x00000000d5580000, 0x00000000ef900000, 0x0000000100000000)
  eden space 361472K, 0% used [0x00000000d5580000,0x00000000d5580000,0x00000000eb680000)
  from space 23040K, 99% used [0x00000000ed780000,0x00000000eedf8c00,0x00000000eee00000)
  to   space 33792K, 0% used [0x00000000eb680000,0x00000000eb680000,0x00000000ed780000)
 ParOldGen       total 101376K, used 85696K [0x0000000080000000, 0x0000000086300000, 0x00000000d5580000)
  object space 101376K, 84% used [0x0000000080000000,0x00000000853b0008,0x0000000086300000)
 Metaspace       used 76282K, capacity 80058K, committed 80296K, reserved 1118208K
  class space    used 10084K, capacity 10868K, committed 10928K, reserved 1048576K
Event: 381.144 GC heap after
Heap after GC invocations=20 (full 4):
 PSYoungGen      total 384512K, used 0K [0x00000000d5580000, 0x00000000ef900000, 0x0000000100000000)
  eden space 361472K, 0% used [0x00000000d5580000,0x00000000d5580000,0x00000000eb680000)
  from space 23040K, 0% used [0x00000000ed780000,0x00000000ed780000,0x00000000eee00000)
  to   space 33792K, 0% used [0x00000000eb680000,0x00000000eb680000,0x00000000ed780000)
 ParOldGen       total 179712K, used 81183K [0x0000000080000000, 0x000000008af80000, 0x00000000d5580000)
  object space 179712K, 45% used [0x0000000080000000,0x0000000084f47e40,0x000000008af80000)
 Metaspace       used 76157K, capacity 79704K, committed 80296K, reserved 1118208K
  class space    used 10044K, capacity 10797K, committed 10928K, reserved 1048576K
}
Event: 564.857 GC heap before
{Heap before GC invocations=21 (full 4):
 PSYoungGen      total 384512K, used 361472K [0x00000000d5580000, 0x00000000ef900000, 0x0000000100000000)
  eden space 361472K, 100% used [0x00000000d5580000,0x00000000eb680000,0x00000000eb680000)
  from space 23040K, 0% used [0x00000000ed780000,0x00000000ed780000,0x00000000eee00000)
  to   space 33792K, 0% used [0x00000000eb680000,0x00000000eb680000,0x00000000ed780000)
 ParOldGen       total 179712K, used 81183K [0x0000000080000000, 0x000000008af80000, 0x00000000d5580000)
  object space 179712K, 45% used [0x0000000080000000,0x0000000084f47e40,0x000000008af80000)
 Metaspace       used 76475K, capacity 80280K, committed 80552K, reserved 1118208K
  class space    used 10060K, capacity 10827K, committed 10928K, reserved 1048576K
Event: 564.878 GC heap after
Heap after GC invocations=21 (full 4):
 PSYoungGen      total 395264K, used 13296K [0x00000000d5580000, 0x00000000f1f00000, 0x0000000100000000)
  eden space 361472K, 0% used [0x00000000d5580000,0x00000000d5580000,0x00000000eb680000)
  from space 33792K, 39% used [0x00000000eb680000,0x00000000ec37c060,0x00000000ed780000)
  to   space 32256K, 0% used [0x00000000eff80000,0x00000000eff80000,0x00000000f1f00000)
 ParOldGen       total 179712K, used 81191K [0x0000000080000000, 0x000000008af80000, 0x00000000d5580000)
  object space 179712K, 45% used [0x0000000080000000,0x0000000084f49e40,0x000000008af80000)
 Metaspace       used 76475K, capacity 80280K, committed 80552K, reserved 1118208K
  class space    used 10060K, capacity 10827K, committed 10928K, reserved 1048576K
}
Event: 643.541 GC heap before
{Heap before GC invocations=22 (full 4):
 PSYoungGen      total 395264K, used 374629K [0x00000000d5580000, 0x00000000f1f00000, 0x0000000100000000)
  eden space 361472K, 99% used [0x00000000d5580000,0x00000000eb65d4e8,0x00000000eb680000)
  from space 33792K, 39% used [0x00000000eb680000,0x00000000ec37c060,0x00000000ed780000)
  to   space 32256K, 0% used [0x00000000eff80000,0x00000000eff80000,0x00000000f1f00000)
 ParOldGen       total 179712K, used 81191K [0x0000000080000000, 0x000000008af80000, 0x00000000d5580000)
  object space 179712K, 45% used [0x0000000080000000,0x0000000084f49e40,0x000000008af80000)
 Metaspace       used 77045K, capacity 81028K, committed 81320K, reserved 1120256K
  class space    used 10103K, capacity 10885K, committed 10928K, reserved 1048576K
Event: 643.557 GC heap after
Heap after GC invocations=22 (full 4):
 PSYoungGen      total 416768K, used 11056K [0x00000000d5580000, 0x00000000f1400000, 0x0000000100000000)
  eden space 395776K, 0% used [0x00000000d5580000,0x00000000d5580000,0x00000000ed800000)
  from space 20992K, 52% used [0x00000000eff80000,0x00000000f0a4c168,0x00000000f1400000)
  to   space 30720K, 0% used [0x00000000ed800000,0x00000000ed800000,0x00000000ef600000)
 ParOldGen       total 179712K, used 81199K [0x0000000080000000, 0x000000008af80000, 0x00000000d5580000)
  object space 179712K, 45% used [0x0000000080000000,0x0000000084f4be40,0x000000008af80000)
 Metaspace       used 77045K, capacity 81028K, committed 81320K, reserved 1120256K
  class space    used 10103K, capacity 10885K, committed 10928K, reserved 1048576K
}
Event: 699.616 GC heap before
{Heap before GC invocations=23 (full 4):
 PSYoungGen      total 416768K, used 246722K [0x00000000d5580000, 0x00000000f1400000, 0x0000000100000000)
  eden space 395776K, 59% used [0x00000000d5580000,0x00000000e3ba4870,0x00000000ed800000)
  from space 20992K, 52% used [0x00000000eff80000,0x00000000f0a4c168,0x00000000f1400000)
  to   space 30720K, 0% used [0x00000000ed800000,0x00000000ed800000,0x00000000ef600000)
 ParOldGen       total 179712K, used 81199K [0x0000000080000000, 0x000000008af80000, 0x00000000d5580000)
  object space 179712K, 45% used [0x0000000080000000,0x0000000084f4be40,0x000000008af80000)
 Metaspace       used 77228K, capacity 81146K, committed 81320K, reserved 1120256K
  class space    used 10109K, capacity 10894K, committed 10928K, reserved 1048576K
Event: 699.635 GC heap after
Heap after GC invocations=23 (full 4):
 PSYoungGen      total 407040K, used 10864K [0x00000000d5580000, 0x00000000f1200000, 0x0000000100000000)
  eden space 395776K, 0% used [0x00000000d5580000,0x00000000d5580000,0x00000000ed800000)
  from space 11264K, 96% used [0x00000000ed800000,0x00000000ee29c198,0x00000000ee300000)
  to   space 29696K, 0% used [0x00000000ef500000,0x00000000ef500000,0x00000000f1200000)
 ParOldGen       total 179712K, used 81199K [0x0000000080000000, 0x000000008af80000, 0x00000000d5580000)
  object space 179712K, 45% used [0x0000000080000000,0x0000000084f4be40,0x000000008af80000)
 Metaspace       used 77228K, capacity 81146K, committed 81320K, reserved 1120256K
  class space    used 10109K, capacity 10894K, committed 10928K, reserved 1048576K
}
Event: 699.635 GC heap before
{Heap before GC invocations=24 (full 5):
 PSYoungGen      total 407040K, used 10864K [0x00000000d5580000, 0x00000000f1200000, 0x0000000100000000)
  eden space 395776K, 0% used [0x00000000d5580000,0x00000000d5580000,0x00000000ed800000)
  from space 11264K, 96% used [0x00000000ed800000,0x00000000ee29c198,0x00000000ee300000)
  to   space 29696K, 0% used [0x00000000ef500000,0x00000000ef500000,0x00000000f1200000)
 ParOldGen       total 179712K, used 81199K [0x0000000080000000, 0x000000008af80000, 0x00000000d5580000)
  object space 179712K, 45% used [0x0000000080000000,0x0000000084f4be40,0x000000008af80000)
 Metaspace       used 77228K, capacity 81146K, committed 81320K, reserved 1120256K
  class space    used 10109K, capacity 10894K, committed 10928K, reserved 1048576K

